<?xml version="1.0" encoding="UTF-8"?>
<!-- Generated by org.testng.reporters.JUnitReportReporter -->
<testsuite skipped="0" hostname="WL304683" name="com.testNG.Grouping" tests="5" failures="0" timestamp="10 Mar 2019 13:37:44 GMT" time="0.037" errors="0">
  <testcase name="Sedan1" time="0.002" classname="com.testNG.Grouping"/>
  <testcase name="Car2" time="0.004" classname="com.testNG.Grouping"/>
  <testcase name="Car1" time="0.026" classname="com.testNG.Grouping"/>
  <testcase name="Scooter1" time="0.003" classname="com.testNG.Grouping"/>
  <testcase name="Scooter2" time="0.002" classname="com.testNG.Grouping"/>
</testsuite> <!-- com.testNG.Grouping -->
