<?xml version="1.0" encoding="UTF-8"?>
<!-- Generated by org.testng.reporters.JUnitReportReporter -->
<testsuite skipped="0" hostname="WL304683" name="com.testNG.testNGDataProviderExample1" tests="2" failures="0" timestamp="17 Mar 2019 03:28:08 GMT" time="0.011" errors="0">
  <testcase name="loginTest" time="0.009" classname="com.testNG.testNGDataProviderExample1"/>
  <testcase name="loginTest" time="0.002" classname="com.testNG.testNGDataProviderExample1"/>
</testsuite> <!-- com.testNG.testNGDataProviderExample1 -->
